{"/home/qais/Queue/Node.js": {"path":"/home/qais/Queue/Node.js","statementMap":{"0":{"start":{"line":3,"column":8},"end":{"line":3,"column":27}},"1":{"start":{"line":4,"column":8},"end":{"line":4,"column":25}},"2":{"start":{"line":8,"column":0},"end":{"line":8,"column":22}}},"fnMap":{"0":{"name":"(anonymous_0)","decl":{"start":{"line":2,"column":4},"end":{"line":2,"column":5}},"loc":{"start":{"line":2,"column":36},"end":{"line":5,"column":5}},"line":2}},"branchMap":{"0":{"loc":{"start":{"line":2,"column":23},"end":{"line":2,"column":34}},"type":"default-arg","locations":[{"start":{"line":2,"column":30},"end":{"line":2,"column":34}}],"line":2}},"s":{"0":9,"1":9,"2":2},"f":{"0":9},"b":{"0":[9]},"_coverageSchema":"1a1c01bbd47fc00a2c39e90264f33305004495a9","hash":"49dc38450d1bd46bdc9aaea4f774aaf4d1a59383"}
,"/home/qais/Queue/Queue.js": {"path":"/home/qais/Queue/Queue.js","statementMap":{"0":{"start":{"line":1,"column":13},"end":{"line":1,"column":30}},"1":{"start":{"line":5,"column":8},"end":{"line":5,"column":25}},"2":{"start":{"line":6,"column":8},"end":{"line":6,"column":25}},"3":{"start":{"line":7,"column":8},"end":{"line":7,"column":28}},"4":{"start":{"line":8,"column":8},"end":{"line":8,"column":22}},"5":{"start":{"line":12,"column":8},"end":{"line":16,"column":9}},"6":{"start":{"line":13,"column":12},"end":{"line":13,"column":24}},"7":{"start":{"line":15,"column":12},"end":{"line":15,"column":25}},"8":{"start":{"line":21,"column":21},"end":{"line":21,"column":36}},"9":{"start":{"line":22,"column":8},"end":{"line":30,"column":9}},"10":{"start":{"line":23,"column":12},"end":{"line":23,"column":29}},"11":{"start":{"line":24,"column":12},"end":{"line":24,"column":29}},"12":{"start":{"line":25,"column":12},"end":{"line":25,"column":24}},"13":{"start":{"line":27,"column":12},"end":{"line":27,"column":34}},"14":{"start":{"line":28,"column":12},"end":{"line":28,"column":29}},"15":{"start":{"line":29,"column":12},"end":{"line":29,"column":24}},"16":{"start":{"line":35,"column":8},"end":{"line":42,"column":9}},"17":{"start":{"line":36,"column":12},"end":{"line":36,"column":36}},"18":{"start":{"line":38,"column":12},"end":{"line":38,"column":37}},"19":{"start":{"line":39,"column":12},"end":{"line":39,"column":39}},"20":{"start":{"line":40,"column":12},"end":{"line":40,"column":37}},"21":{"start":{"line":41,"column":12},"end":{"line":41,"column":24}},"22":{"start":{"line":47,"column":8},"end":{"line":47,"column":31}},"23":{"start":{"line":53,"column":0},"end":{"line":53,"column":23}}},"fnMap":{"0":{"name":"(anonymous_0)","decl":{"start":{"line":4,"column":4},"end":{"line":4,"column":5}},"loc":{"start":{"line":4,"column":18},"end":{"line":9,"column":5}},"line":4},"1":{"name":"(anonymous_1)","decl":{"start":{"line":11,"column":4},"end":{"line":11,"column":5}},"loc":{"start":{"line":11,"column":14},"end":{"line":17,"column":5}},"line":11},"2":{"name":"(anonymous_2)","decl":{"start":{"line":20,"column":4},"end":{"line":20,"column":5}},"loc":{"start":{"line":20,"column":19},"end":{"line":31,"column":5}},"line":20},"3":{"name":"(anonymous_3)","decl":{"start":{"line":34,"column":4},"end":{"line":34,"column":5}},"loc":{"start":{"line":34,"column":14},"end":{"line":43,"column":5}},"line":34},"4":{"name":"(anonymous_4)","decl":{"start":{"line":46,"column":4},"end":{"line":46,"column":5}},"loc":{"start":{"line":46,"column":11},"end":{"line":48,"column":5}},"line":46}},"branchMap":{"0":{"loc":{"start":{"line":12,"column":8},"end":{"line":16,"column":9}},"type":"if","locations":[{"start":{"line":12,"column":8},"end":{"line":16,"column":9}},{"start":{"line":14,"column":15},"end":{"line":16,"column":9}}],"line":12},"1":{"loc":{"start":{"line":22,"column":8},"end":{"line":30,"column":9}},"type":"if","locations":[{"start":{"line":22,"column":8},"end":{"line":30,"column":9}},{"start":{"line":26,"column":15},"end":{"line":30,"column":9}}],"line":22},"2":{"loc":{"start":{"line":35,"column":8},"end":{"line":42,"column":9}},"type":"if","locations":[{"start":{"line":35,"column":8},"end":{"line":42,"column":9}},{"start":{"line":37,"column":15},"end":{"line":42,"column":9}}],"line":35}},"s":{"0":1,"1":4,"2":4,"3":4,"4":4,"5":13,"6":4,"7":9,"8":8,"9":8,"10":2,"11":2,"12":2,"13":6,"14":6,"15":6,"16":4,"17":1,"18":3,"19":3,"20":3,"21":3,"22":2,"23":1},"f":{"0":4,"1":13,"2":8,"3":4,"4":2},"b":{"0":[4,9],"1":[2,6],"2":[1,3]},"_coverageSchema":"1a1c01bbd47fc00a2c39e90264f33305004495a9","hash":"4bc417548ad70044cd143638de5e94858445255d"}
}
