TN:
SF:Node.js
FN:2,(anonymous_0)
FNF:1
FNH:1
FNDA:9,(anonymous_0)
DA:3,9
DA:4,9
DA:8,2
LF:3
LH:3
BRDA:2,0,0,9
BRF:1
BRH:1
end_of_record
TN:
SF:Queue.js
FN:4,(anonymous_0)
FN:11,(anonymous_1)
FN:20,(anonymous_2)
FN:34,(anonymous_3)
FN:46,(anonymous_4)
FNF:5
FNH:5
FNDA:4,(anonymous_0)
FNDA:13,(anonymous_1)
FNDA:8,(anonymous_2)
FNDA:4,(anonymous_3)
FNDA:2,(anonymous_4)
DA:1,1
DA:5,4
DA:6,4
DA:7,4
DA:8,4
DA:12,13
DA:13,4
DA:15,9
DA:21,8
DA:22,8
DA:23,2
DA:24,2
DA:25,2
DA:27,6
DA:28,6
DA:29,6
DA:35,4
DA:36,1
DA:38,3
DA:39,3
DA:40,3
DA:41,3
DA:47,2
DA:53,1
LF:24
LH:24
BRDA:12,0,0,4
BRDA:12,0,1,9
BRDA:22,1,0,2
BRDA:22,1,1,6
BRDA:35,2,0,1
BRDA:35,2,1,3
BRF:6
BRH:6
end_of_record
